<?xml version="1.0" encoding="UTF-8"?>
<testng-results skipped="0" failed="0" ignored="0" total="1" passed="1">
  <reporter-output>
    <line>
      <![CDATA[The login page Title is matching]]>
    </line>
  </reporter-output>
  <suite name="Default suite" duration-ms="22244" started-at="2021-07-12T09:20:53 IST" finished-at="2021-07-12T09:21:15 IST">
    <groups>
    </groups>
    <test name="Default test" duration-ms="22244" started-at="2021-07-12T09:20:53 IST" finished-at="2021-07-12T09:21:15 IST">
      <class name="com.actitime.test.TestActiTimeVerifyPageTitle">
        <test-method status="PASS" signature="setUp()[pri:0, instance:com.actitime.test.TestActiTimeVerifyPageTitle@528931cf]" name="setUp" is-config="true" duration-ms="20723" started-at="2021-07-12T09:20:53 IST" finished-at="2021-07-12T09:21:13 IST">
          <reporter-output>
          </reporter-output>
        </test-method> <!-- setUp -->
        <test-method status="PASS" signature="verifyLoginPageTitle()[pri:0, instance:com.actitime.test.TestActiTimeVerifyPageTitle@528931cf]" name="verifyLoginPageTitle" duration-ms="90" started-at="2021-07-12T09:21:13 IST" finished-at="2021-07-12T09:21:13 IST">
          <reporter-output>
            <line>
              <![CDATA[The login page Title is matching]]>
            </line>
          </reporter-output>
        </test-method> <!-- verifyLoginPageTitle -->
        <test-method status="PASS" signature="tearDown()[pri:0, instance:com.actitime.test.TestActiTimeVerifyPageTitle@528931cf]" name="tearDown" is-config="true" duration-ms="1260" started-at="2021-07-12T09:21:13 IST" finished-at="2021-07-12T09:21:15 IST">
          <reporter-output>
          </reporter-output>
        </test-method> <!-- tearDown -->
      </class> <!-- com.actitime.test.TestActiTimeVerifyPageTitle -->
    </test> <!-- Default test -->
  </suite> <!-- Default suite -->
</testng-results>
